
> bakery-mart@0.1.0 build
> next build

▲ Next.js 16.1.6 (Turbopack)
- Environments: .env.local

⚠ The "middleware" file convention is deprecated. Please use "proxy" instead. Learn more: https://nextjs.org/docs/messages/middleware-to-proxy
  Creating an optimized production build ...
✓ Compiled successfully in 2.2s
  Running TypeScript ...
Failed to compile.

./src/app/(frontend)/about/page.tsx:1:24
Type error: File name '/Users/muhammedshareefcv/Desktop/main-paid-work/MAIN-PAID-PROJECTS/Dummy-bakery/bakery-mart/src/components/navbar.tsx' differs from already included file name '/Users/muhammedshareefcv/Desktop/main-paid-work/MAIN-PAID-PROJECTS/Dummy-bakery/bakery-mart/src/components/Navbar.tsx' only in casing.
  The file is in the program because:
    Imported via "@/components/Navbar" from file '/Users/muhammedshareefcv/Desktop/main-paid-work/MAIN-PAID-PROJECTS/Dummy-bakery/bakery-mart/src/PORTFOLIO 2025/src/app/page.tsx'
    Imported via "@/components/navbar" from file '/Users/muhammedshareefcv/Desktop/main-paid-work/MAIN-PAID-PROJECTS/Dummy-bakery/bakery-mart/src/app/(frontend)/page.tsx'
    Imported via "@/components/navbar" from file '/Users/muhammedshareefcv/Desktop/main-paid-work/MAIN-PAID-PROJECTS/Dummy-bakery/bakery-mart/src/app/(frontend)/about/page.tsx'
    Imported via "@/components/navbar" from file '/Users/muhammedshareefcv/Desktop/main-paid-work/MAIN-PAID-PROJECTS/Dummy-bakery/bakery-mart/src/app/(frontend)/contact/page.tsx'
    Imported via "@/components/navbar" from file '/Users/muhammedshareefcv/Desktop/main-paid-work/MAIN-PAID-PROJECTS/Dummy-bakery/bakery-mart/src/app/(frontend)/locations/page.tsx'
    Imported via '@/components/navbar' from file '/Users/muhammedshareefcv/Desktop/main-paid-work/MAIN-PAID-PROJECTS/Dummy-bakery/bakery-mart/src/app/(frontend)/products/error.tsx'
    Imported via "@/components/navbar" from file '/Users/muhammedshareefcv/Desktop/main-paid-work/MAIN-PAID-PROJECTS/Dummy-bakery/bakery-mart/src/app/(frontend)/products/page.tsx'
    Imported via "@/components/navbar" from file '/Users/muhammedshareefcv/Desktop/main-paid-work/MAIN-PAID-PROJECTS/Dummy-bakery/bakery-mart/src/app/(frontend)/products/[id]/page.tsx'
    Root file specified for compilation

[0m[31m[1m>[22m[39m[90m 1 |[39m [36mimport[39m { [33mNavbar[39m } [36mfrom[39m [32m"@/components/navbar"[39m
 [90m   |[39m                        [31m[1m^[22m[39m
 [90m 2 |[39m [36mimport[39m { [33mFooter[39m } [36mfrom[39m [32m"@/components/footer"[39m
 [90m 3 |[39m [36mimport[39m [33mImage[39m [36mfrom[39m [32m"next/image"[39m
 [90m 4 |[39m[0m
Next.js build worker exited with code: 1 and signal: null
